This is pdfTeX, Version 3.14159265-2.6-1.40.19 (MiKTeX 2.9.6630 64-bit) (preloaded format=pdflatex 2018.3.5)  31 MAY 2018 16:04
entering extended mode
**./DS06_Systeme_soudage_treillis.tex
(DS06_Systeme_soudage_treillis.tex
LaTeX2e <2017-04-15>
Babel <3.18> and hyphenation patterns for 75 language(s) loaded.
(intro.tex)

! LaTeX Error: File `../../headers/dsheaders.tex' not found.

Type X to quit or <RETURN> to proceed,
or enter new name. (Default extension: tex)

Enter file name: 
! Emergency stop.
<read *> 
         
l.2 \input{../../headers/dsheaders.tex}
                                       
*** (cannot \read from terminal in nonstop modes)

 
Here is how much of TeX's memory you used:
 17 strings out of 493305
 608 string characters out of 3138875
 53825 words of memory out of 3000000
 3663 multiletter control sequences out of 15000+200000
 3640 words of font info for 14 fonts, out of 3000000 for 9000
 1141 hyphenation exceptions out of 8191
 9i,0n,6p,114b,8s stack positions out of 5000i,500n,10000p,200000b,50000s
!  ==> Fatal error occurred, no output PDF file produced!
